<?xml version="1.0" encoding="UTF-8"?>
<testng-results ignored="0" total="1" passed="1" failed="0" skipped="0">
  <reporter-output>
    <line>
      <![CDATA[Browser got launched]]>
    </line>
    <line>
      <![CDATA[Browser got Maximized]]>
    </line>
    <line>
      <![CDATA[Logged in successfully]]>
    </line>
    <line>
      <![CDATA[Student created successfully]]>
    </line>
    <line>
      <![CDATA[Logged out Successfully]]>
    </line>
    <line>
      <![CDATA[Browser got Closed Successfully]]>
    </line>
  </reporter-output>
  <suite started-at="2025-05-07T05:11:45Z" name="Default suite" finished-at="2025-05-07T05:12:17Z" duration-ms="31749">
    <groups>
    </groups>
    <test started-at="2025-05-07T05:11:45Z" name="Default test" finished-at="2025-05-07T05:12:17Z" duration-ms="31749">
      <class name="com.tp.sms.StudentTest">
        <test-method is-config="true" signature="toLaunch(java.lang.String)[pri:0, instance:com.tp.sms.StudentTest@7a1a14a4]" started-at="2025-05-07T05:11:45Z" name="toLaunch" finished-at="2025-05-07T05:11:50Z" duration-ms="4721" status="PASS">
          <params>
            <param index="0">
              <value>
                <![CDATA[edge]]>
              </value>
            </param>
          </params>
          <reporter-output>
            <line>
              <![CDATA[Browser got launched]]>
            </line>
            <line>
              <![CDATA[Browser got Maximized]]>
            </line>
          </reporter-output>
        </test-method> <!-- toLaunch -->
        <test-method signature="createStudentTest()[pri:0, instance:com.tp.sms.StudentTest@7a1a14a4]" started-at="2025-05-07T05:11:50Z" name="createStudentTest" finished-at="2025-05-07T05:12:10Z" duration-ms="20486" status="PASS">
          <reporter-output>
            <line>
              <![CDATA[Logged in successfully]]>
            </line>
            <line>
              <![CDATA[Student created successfully]]>
            </line>
          </reporter-output>
        </test-method> <!-- createStudentTest -->
        <test-method is-config="true" signature="toLogout()[pri:0, instance:com.tp.sms.StudentTest@7a1a14a4]" started-at="2025-05-07T05:12:10Z" name="toLogout" finished-at="2025-05-07T05:12:15Z" duration-ms="4655" status="PASS">
          <reporter-output>
            <line>
              <![CDATA[Logged out Successfully]]>
            </line>
          </reporter-output>
        </test-method> <!-- toLogout -->
        <test-method is-config="true" signature="toClose()[pri:0, instance:com.tp.sms.StudentTest@7a1a14a4]" started-at="2025-05-07T05:12:15Z" name="toClose" finished-at="2025-05-07T05:12:17Z" duration-ms="1836" status="PASS">
          <reporter-output>
            <line>
              <![CDATA[Browser got Closed Successfully]]>
            </line>
          </reporter-output>
        </test-method> <!-- toClose -->
      </class> <!-- com.tp.sms.StudentTest -->
    </test> <!-- Default test -->
  </suite> <!-- Default suite -->
</testng-results>
