<?xml version="1.0" encoding="UTF-8"?>
<!-- Generated by org.testng.reporters.JUnitXMLReporter -->
<testsuite ignored="0" hostname="Gowsalya" failures="0" tests="4" name="Test1" time="31.39" errors="0" timestamp="21 Apr 2025 12:06:22 GMT">
  <testcase classname="com.tp.sms.ExamTest" name="createExamTest" time="5.02"/>
  <testcase classname="com.tp.sms.TeacherTest" name="testLogin" time="0.718"/>
  <testcase classname="com.tp.sms.TeacherTest" name="viewAttendance" time="0.722"/>
  <testcase classname="com.tp.sms.StudentTest" name="createStudentTest" time="12.64"/>
</testsuite> <!-- Test1 -->
