<?xml version="1.0" encoding="UTF-8"?>
<!-- Generated by org.testng.reporters.JUnitXMLReporter -->
<testsuite ignored="0" hostname="Gowsalya" failures="4" tests="10" name="Test" time="217.829" errors="0" timestamp="07 May 2025 04:26:13 GMT">
  <testcase classname="com.tp.sms.ExamTest" name="createExamTest" time="9.451"/>
  <testcase classname="com.tp.sms.TeacherTest" name="testLogin" time="1.341"/>
  <testcase classname="com.tp.sms.TeacherTest" name="viewAttendance" time="1.885"/>
  <testcase classname="com.tp.sms.SubjectRoutingTest" name="createGradeTest" time="36.775">
    <failure type="org.openqa.selenium.ElementNotInteractableException" message="element not interactable
  (Session info: MicrosoftEdge=136.0.3240.50)
Build info: version: &amp;apos;4.18.0&amp;apos;, revision: &amp;apos;b6bf9de7cc*&amp;apos;
System info: os.name: &amp;apos;Windows 11&amp;apos;, os.arch: &amp;apos;amd64&amp;apos;, os.version: &amp;apos;10.0&amp;apos;, java.version: &amp;apos;17.0.4.1&amp;apos;
Driver info: org.openqa.selenium.edge.EdgeDriver
Command: [c6a2cd432aceea728351d0c9a4a3af9a, sendKeysToElement {value=[Ljava.lang.CharSequence;@7f353a0f, id=f.9AAE2F63826882D80F874C5F0DBF48F9.d.3F9507EA9CAD92B86476E219375E0025.e.92}]
Capabilities {acceptInsecureCerts: false, browserName: MicrosoftEdge, browserVersion: 136.0.3240.50, fedcm:accounts: true, ms:edgeOptions: {debuggerAddress: localhost:64863}, msedge: {msedgedriverVersion: 136.0.3240.50 (4e2c41645f24..., userDataDir: C:\Users\mailm\AppData\Loca...}, networkConnectionEnabled: false, pageLoadStrategy: normal, platformName: windows, proxy: Proxy(), se:cdp: ws://localhost:64863/devtoo..., se:cdpVersion: 136.0.3240.50, setWindowRect: true, strictFileInteractability: false, timeouts: {implicit: 0, pageLoad: 300000, script: 30000}, unhandledPromptBehavior: dismiss and notify, webauthn:extension:credBlob: true, webauthn:extension:largeBlob: true, webauthn:extension:minPinLength: true, webauthn:extension:prf: true, webauthn:virtualAuthenticators: true}
Element: [[EdgeDriver: MicrosoftEdge on windows (c6a2cd432aceea728351d0c9a4a3af9a)] -&amp;gt; id: mark_range_text_1]
Session ID: c6a2cd432aceea728351d0c9a4a3af9a">
      <![CDATA[org.openqa.selenium.ElementNotInteractableException: element not interactable
  (Session info: MicrosoftEdge=136.0.3240.50)
Build info: version: '4.18.0', revision: 'b6bf9de7cc*'
System info: os.name: 'Windows 11', os.arch: 'amd64', os.version: '10.0', java.version: '17.0.4.1'
Driver info: org.openqa.selenium.edge.EdgeDriver
Command: [c6a2cd432aceea728351d0c9a4a3af9a, sendKeysToElement {value=[Ljava.lang.CharSequence;@7f353a0f, id=f.9AAE2F63826882D80F874C5F0DBF48F9.d.3F9507EA9CAD92B86476E219375E0025.e.92}]
Capabilities {acceptInsecureCerts: false, browserName: MicrosoftEdge, browserVersion: 136.0.3240.50, fedcm:accounts: true, ms:edgeOptions: {debuggerAddress: localhost:64863}, msedge: {msedgedriverVersion: 136.0.3240.50 (4e2c41645f24..., userDataDir: C:\Users\mailm\AppData\Loca...}, networkConnectionEnabled: false, pageLoadStrategy: normal, platformName: windows, proxy: Proxy(), se:cdp: ws://localhost:64863/devtoo..., se:cdpVersion: 136.0.3240.50, setWindowRect: true, strictFileInteractability: false, timeouts: {implicit: 0, pageLoad: 300000, script: 30000}, unhandledPromptBehavior: dismiss and notify, webauthn:extension:credBlob: true, webauthn:extension:largeBlob: true, webauthn:extension:minPinLength: true, webauthn:extension:prf: true, webauthn:virtualAuthenticators: true}
Element: [[EdgeDriver: MicrosoftEdge on windows (c6a2cd432aceea728351d0c9a4a3af9a)] -> id: mark_range_text_1]
Session ID: c6a2cd432aceea728351d0c9a4a3af9a
at org.openqa.selenium.remote.ErrorCodec.decode(ErrorCodec.java:167)
at org.openqa.selenium.remote.codec.w3c.W3CHttpResponseCodec.decode(W3CHttpResponseCodec.java:138)
at org.openqa.selenium.remote.codec.w3c.W3CHttpResponseCodec.decode(W3CHttpResponseCodec.java:50)
at org.openqa.selenium.remote.HttpCommandExecutor.execute(HttpCommandExecutor.java:190)
at org.openqa.selenium.remote.service.DriverCommandExecutor.invokeExecute(DriverCommandExecutor.java:216)
at org.openqa.selenium.remote.service.DriverCommandExecutor.execute(DriverCommandExecutor.java:174)
at org.openqa.selenium.remote.RemoteWebDriver.execute(RemoteWebDriver.java:519)
at org.openqa.selenium.remote.RemoteWebElement.execute(RemoteWebElement.java:223)
at org.openqa.selenium.remote.RemoteWebElement.sendKeys(RemoteWebElement.java:110)
at org.openqa.selenium.support.pagefactory.internal.LocatingElementHandler.invoke(LocatingElementHandler.java:51)
at jdk.proxy2/jdk.proxy2.$Proxy18.sendKeys(Unknown Source)
at com.tp.sms.SubjectRoutingTest.createGradeTest(SubjectRoutingTest.java:42)
... Removed 34 stack frames]]>
    </failure>
  </testcase> <!-- createGradeTest -->
  <testcase classname="com.tp.sms.SubjectRoutingTest" name="verifyGradeInSubjectRoutingTest" time="43.866"/>
  <testcase classname="com.tp.sms.Std_ClassroomTest" name="createNewClassroomTest" time="10.213"/>
  <testcase classname="com.tp.sms.Std_ClassroomTest" name="editClassroomTest" time="17.42">
    <failure type="java.lang.AssertionError" message="expected [true] but found [false]">
      <![CDATA[java.lang.AssertionError: expected [true] but found [false]
at com.tp.sms.Std_ClassroomTest.editClassroomTest(Std_ClassroomTest.java:97)
... Removed 29 stack frames]]>
    </failure>
  </testcase> <!-- editClassroomTest -->
  <testcase classname="com.tp.sms.SubjectTest" name="createSubjectTest" time="2.684">
    <failure type="java.lang.AssertionError" message="expected [true] but found [false]">
      <![CDATA[java.lang.AssertionError: expected [true] but found [false]
at com.tp.sms.generic.BaseClassTest.BaseClass.verifyingHeader(BaseClass.java:121)
at com.tp.sms.SubjectTest.createSubjectTest(SubjectTest.java:36)
... Removed 29 stack frames]]>
    </failure>
  </testcase> <!-- createSubjectTest -->
  <testcase classname="com.tp.sms.AdminTest" name="verifyAdminProfileTest" time="3.286"/>
  <testcase classname="com.tp.sms.StudentTest" name="createStudentTest" time="6.445">
    <failure type="org.openqa.selenium.ElementNotInteractableException" message="element not interactable: Element is not currently visible and may not be manipulated
  (Session info: MicrosoftEdge=136.0.3240.50)
Build info: version: &amp;apos;4.18.0&amp;apos;, revision: &amp;apos;b6bf9de7cc*&amp;apos;
System info: os.name: &amp;apos;Windows 11&amp;apos;, os.arch: &amp;apos;amd64&amp;apos;, os.version: &amp;apos;10.0&amp;apos;, java.version: &amp;apos;17.0.4.1&amp;apos;
Driver info: org.openqa.selenium.edge.EdgeDriver
Command: [f1fce00087dee1695542c69591b81394, clickElement {id=f.CD7A7589389A9976920ADF322408B006.d.CEC69DE549923DA1CD0C9624D0908834.e.167}]
Capabilities {acceptInsecureCerts: false, browserName: MicrosoftEdge, browserVersion: 136.0.3240.50, fedcm:accounts: true, ms:edgeOptions: {debuggerAddress: localhost:65041}, msedge: {msedgedriverVersion: 136.0.3240.50 (4e2c41645f24..., userDataDir: C:\Users\mailm\AppData\Loca...}, networkConnectionEnabled: false, pageLoadStrategy: normal, platformName: windows, proxy: Proxy(), se:cdp: ws://localhost:65041/devtoo..., se:cdpVersion: 136.0.3240.50, setWindowRect: true, strictFileInteractability: false, timeouts: {implicit: 0, pageLoad: 300000, script: 30000}, unhandledPromptBehavior: dismiss and notify, webauthn:extension:credBlob: true, webauthn:extension:largeBlob: true, webauthn:extension:minPinLength: true, webauthn:extension:prf: true, webauthn:virtualAuthenticators: true}
Element: [[[[EdgeDriver: MicrosoftEdge on windows (f1fce00087dee1695542c69591b81394)] -&amp;gt; id: grade]] -&amp;gt; xpath: .//option[normalize-space(.) = &amp;quot;Grade 3&amp;quot;]]
Session ID: f1fce00087dee1695542c69591b81394">
      <![CDATA[org.openqa.selenium.ElementNotInteractableException: element not interactable: Element is not currently visible and may not be manipulated
  (Session info: MicrosoftEdge=136.0.3240.50)
Build info: version: '4.18.0', revision: 'b6bf9de7cc*'
System info: os.name: 'Windows 11', os.arch: 'amd64', os.version: '10.0', java.version: '17.0.4.1'
Driver info: org.openqa.selenium.edge.EdgeDriver
Command: [f1fce00087dee1695542c69591b81394, clickElement {id=f.CD7A7589389A9976920ADF322408B006.d.CEC69DE549923DA1CD0C9624D0908834.e.167}]
Capabilities {acceptInsecureCerts: false, browserName: MicrosoftEdge, browserVersion: 136.0.3240.50, fedcm:accounts: true, ms:edgeOptions: {debuggerAddress: localhost:65041}, msedge: {msedgedriverVersion: 136.0.3240.50 (4e2c41645f24..., userDataDir: C:\Users\mailm\AppData\Loca...}, networkConnectionEnabled: false, pageLoadStrategy: normal, platformName: windows, proxy: Proxy(), se:cdp: ws://localhost:65041/devtoo..., se:cdpVersion: 136.0.3240.50, setWindowRect: true, strictFileInteractability: false, timeouts: {implicit: 0, pageLoad: 300000, script: 30000}, unhandledPromptBehavior: dismiss and notify, webauthn:extension:credBlob: true, webauthn:extension:largeBlob: true, webauthn:extension:minPinLength: true, webauthn:extension:prf: true, webauthn:virtualAuthenticators: true}
Element: [[[[EdgeDriver: MicrosoftEdge on windows (f1fce00087dee1695542c69591b81394)] -> id: grade]] -> xpath: .//option[normalize-space(.) = "Grade 3"]]
Session ID: f1fce00087dee1695542c69591b81394
at org.openqa.selenium.remote.ErrorCodec.decode(ErrorCodec.java:167)
at org.openqa.selenium.remote.codec.w3c.W3CHttpResponseCodec.decode(W3CHttpResponseCodec.java:138)
at org.openqa.selenium.remote.codec.w3c.W3CHttpResponseCodec.decode(W3CHttpResponseCodec.java:50)
at org.openqa.selenium.remote.HttpCommandExecutor.execute(HttpCommandExecutor.java:190)
at org.openqa.selenium.remote.service.DriverCommandExecutor.invokeExecute(DriverCommandExecutor.java:216)
at org.openqa.selenium.remote.service.DriverCommandExecutor.execute(DriverCommandExecutor.java:174)
at org.openqa.selenium.remote.RemoteWebDriver.execute(RemoteWebDriver.java:519)
at org.openqa.selenium.remote.RemoteWebElement.execute(RemoteWebElement.java:223)
at org.openqa.selenium.remote.RemoteWebElement.click(RemoteWebElement.java:76)
at org.openqa.selenium.support.ui.Select.setSelected(Select.java:315)
at org.openqa.selenium.support.ui.Select.selectByVisibleText(Select.java:119)
at com.tp.sms.generic.WebDriverUtility.WebDriverUtility.selectByVisibleTextDropDown(WebDriverUtility.java:83)
at com.tp.sms.StudentTest.createStudentTest(StudentTest.java:42)
... Removed 30 stack frames]]>
    </failure>
  </testcase> <!-- createStudentTest -->
</testsuite> <!-- Test -->
