<?xml version="1.0" encoding="UTF-8"?>
<!-- Generated by org.testng.reporters.JUnitXMLReporter -->
<testsuite ignored="0" hostname="Gowsalya" failures="0" tests="4" name="Test2" time="58.804" errors="0" timestamp="21 Apr 2025 12:06:50 GMT">
  <testcase classname="com.tp.sms.SubjectRoutingTest" name="createGradeTest" time="13.972"/>
  <testcase classname="com.tp.sms.SubjectRoutingTest" name="verifyGradeInSubjectRoutingTest" time="18.962"/>
  <testcase classname="com.tp.sms.Std_ClassroomTest" name="createNewClassroomTest" time="4.806"/>
  <testcase classname="com.tp.sms.Std_ClassroomTest" name="editClassroomTest" time="12.984"/>
</testsuite> <!-- Test2 -->
